2025-10-17 03:43:21.055: [INFO] VisibilityChanged: 0
2025-10-17 03:43:21.198: [INFO] RecordSyncInitDuration has_sync_been_enabled: 0 state: 0
2025-10-17 03:43:21.200: [INFO] RecordSyncInitDuration has_sync_been_enabled: 0 state: 0
2025-10-17 03:43:21.203: [INFO] RecordSyncInitDuration has_sync_been_enabled: 0 state: 0
2025-10-17 03:43:21.206: [INFO] RecordSyncInitDuration has_sync_been_enabled: 0 state: 0
2025-10-17 03:43:21.209: [INFO] RecordSyncInitDuration has_sync_been_enabled: 0 state: 0
2025-10-17 03:43:21.211: [INFO] RecordSyncInitDuration has_sync_been_enabled: 0 state: 0
2025-10-17 03:43:21.213: [INFO] RecordSyncInitDuration has_sync_been_enabled: 0 state: 0
2025-10-17 03:43:21.216: [INFO] RecordSyncInitDuration has_sync_been_enabled: 0 state: 0
2025-10-17 03:43:21.219: [INFO] RecordSyncInitDuration has_sync_been_enabled: 0 state: 0
2025-10-17 03:43:21.222: [INFO] RecordSyncInitDuration has_sync_been_enabled: 0 state: 0
2025-10-17 03:43:21.224: [INFO] RecordSyncInitDuration has_sync_been_enabled: 0 state: 0
2025-10-17 03:43:21.251: [INFO] BookmarkNodeAdded, ABU: 0
2025-10-17 03:43:21.251: [INFO] BookmarkNodeAdded, ABU: 0
2025-10-17 03:43:21.252: [INFO] BookmarkNodeAdded, ABU: 0
2025-10-17 03:43:21.252: [INFO] BookmarkModelLoaded, ids_reassigned: 0
2025-10-17 03:43:21.252: [INFO] OnDoneLoading sync enabled: 0
2025-10-17 03:43:21.394: [INFO] RecordSyncInitDuration has_sync_been_enabled: 0 state: 0
2025-10-17 03:43:25.805: [INFO] RecordSyncInitDuration has_sync_been_enabled: 0 state: 3
2025-10-17 03:43:25.841: [INFO] Primary account changed.
2025-10-17 03:43:25.841: [INFO] OnPrimaryAccountChanged PrimaryAccountChangeEvent::Type::kSet
2025-10-17 03:43:25.856: [INFO] RecordSyncInitDuration has_sync_been_enabled: 0 state: 3
2025-10-17 03:43:26.177: [INFO] RecordSyncInitDuration has_sync_been_enabled: 0 state: 3
2025-10-17 03:43:34.754: [INFO] BookmarkNodeAdded, ABU: 0
2025-10-17 03:43:34.754: [INFO] BookmarkNodeAdded, ABU: 0
2025-10-17 03:43:34.754: [INFO] BookmarkNodeAdded, ABU: 0
2025-10-17 03:43:34.755: [INFO] BookmarkNodeAdded, ABU: 0
2025-10-17 03:43:34.755: [INFO] BookmarkNodeAdded, ABU: 0
2025-10-17 03:43:34.755: [INFO] BookmarkNodeAdded, ABU: 0
2025-10-17 03:43:34.755: [INFO] BookmarkNodeAdded, ABU: 0
2025-10-17 03:43:34.755: [INFO] BookmarkNodeAdded, ABU: 0
2025-10-17 03:43:34.755: [INFO] BookmarkNodeAdded, ABU: 0
2025-10-17 03:43:34.755: [INFO] BookmarkNodeAdded, ABU: 0
2025-10-17 03:43:34.755: [INFO] BookmarkNodeAdded, ABU: 0
2025-10-17 03:43:34.755: [INFO] BookmarkNodeAdded, ABU: 0
2025-10-17 03:43:34.756: [INFO] BookmarkNodeAdded, ABU: 0
2025-10-17 03:43:34.757: [INFO] BookmarkNodeAdded, ABU: 0
2025-10-17 03:43:34.757: [INFO] BookmarkNodeAdded, ABU: 0
2025-10-17 03:43:34.757: [INFO] BookmarkNodeAdded, ABU: 0
2025-10-17 03:43:34.757: [INFO] BookmarkNodeAdded, ABU: 0
2025-10-17 03:43:34.757: [INFO] BookmarkNodeAdded, ABU: 0
2025-10-17 03:43:34.757: [INFO] BookmarkNodeAdded, ABU: 0
2025-10-17 03:43:34.757: [INFO] BookmarkNodeAdded, ABU: 0
2025-10-17 03:43:34.757: [INFO] BookmarkNodeAdded, ABU: 0
2025-10-17 03:43:34.757: [INFO] BookmarkNodeAdded, ABU: 0
2025-10-17 03:43:34.757: [INFO] BookmarkNodeAdded, ABU: 0
2025-10-17 03:43:34.758: [INFO] BookmarkNodeAdded, ABU: 0
2025-10-17 03:43:34.758: [INFO] BookmarkNodeAdded, ABU: 0
2025-10-17 03:43:34.758: [INFO] BookmarkNodeAdded, ABU: 0
2025-10-17 03:43:34.758: [INFO] BookmarkNodeAdded, ABU: 0
2025-10-17 03:43:34.758: [INFO] BookmarkNodeAdded, ABU: 0
2025-10-17 03:43:34.758: [INFO] BookmarkNodeAdded, ABU: 0
2025-10-17 03:43:34.758: [INFO] BookmarkNodeAdded, ABU: 0
2025-10-17 03:43:34.758: [INFO] BookmarkNodeAdded, ABU: 0
2025-10-17 03:43:34.758: [INFO] BookmarkNodeAdded, ABU: 0
2025-10-17 03:43:34.759: [INFO] BookmarkNodeAdded, ABU: 0
2025-10-17 03:43:34.759: [INFO] BookmarkNodeAdded, ABU: 0
2025-10-17 03:43:34.759: [INFO] BookmarkNodeAdded, ABU: 0
2025-10-17 03:43:34.759: [INFO] BookmarkNodeAdded, ABU: 0
2025-10-17 03:43:34.760: [INFO] BookmarkNodeAdded, ABU: 0
2025-10-17 03:43:34.760: [INFO] BookmarkNodeAdded, ABU: 0
2025-10-17 03:43:34.760: [INFO] BookmarkNodeAdded, ABU: 0
2025-10-17 03:43:34.760: [INFO] BookmarkNodeAdded, ABU: 0
2025-10-17 03:43:34.760: [INFO] BookmarkNodeAdded, ABU: 0
2025-10-17 03:43:34.760: [INFO] BookmarkNodeAdded, ABU: 0
2025-10-17 03:43:34.760: [INFO] BookmarkNodeAdded, ABU: 0
2025-10-17 03:43:34.760: [INFO] BookmarkNodeAdded, ABU: 0
2025-10-17 03:43:34.760: [INFO] BookmarkNodeAdded, ABU: 0
2025-10-17 03:43:34.760: [INFO] BookmarkNodeAdded, ABU: 0
2025-10-17 03:43:34.760: [INFO] BookmarkNodeAdded, ABU: 0
2025-10-17 03:43:34.760: [INFO] BookmarkNodeAdded, ABU: 0
2025-10-17 03:43:34.761: [INFO] BookmarkNodeAdded, ABU: 0
2025-10-17 03:43:34.761: [INFO] BookmarkNodeAdded, ABU: 0
2025-10-17 03:43:34.761: [INFO] BookmarkNodeAdded, ABU: 0
2025-10-17 03:43:34.761: [INFO] BookmarkNodeAdded, ABU: 0
2025-10-17 03:43:34.761: [INFO] BookmarkNodeAdded, ABU: 0
2025-10-17 03:43:34.761: [INFO] BookmarkNodeAdded, ABU: 0
2025-10-17 03:43:34.761: [INFO] BookmarkNodeAdded, ABU: 0
2025-10-17 03:43:34.761: [INFO] BookmarkNodeAdded, ABU: 0
2025-10-17 03:43:34.761: [INFO] BookmarkNodeAdded, ABU: 0
2025-10-17 03:43:34.761: [INFO] BookmarkNodeAdded, ABU: 0
2025-10-17 03:43:34.761: [INFO] BookmarkNodeAdded, ABU: 0
2025-10-17 03:43:34.761: [INFO] BookmarkNodeAdded, ABU: 0
2025-10-17 03:43:34.762: [INFO] BookmarkNodeAdded, ABU: 0
2025-10-17 03:43:34.762: [INFO] BookmarkNodeAdded, ABU: 0
2025-10-17 03:43:34.762: [INFO] BookmarkNodeAdded, ABU: 0
2025-10-17 03:43:34.762: [INFO] BookmarkNodeAdded, ABU: 0
2025-10-17 03:43:34.762: [INFO] BookmarkNodeAdded, ABU: 0
2025-10-17 03:43:34.762: [INFO] BookmarkNodeAdded, ABU: 0
2025-10-17 03:43:34.762: [INFO] BookmarkNodeAdded, ABU: 0
2025-10-17 03:43:34.762: [INFO] BookmarkNodeAdded, ABU: 0
2025-10-17 03:43:34.762: [INFO] BookmarkNodeAdded, ABU: 0
2025-10-17 03:43:34.762: [INFO] BookmarkNodeAdded, ABU: 0
2025-10-17 03:43:34.763: [INFO] BookmarkNodeAdded, ABU: 0
2025-10-17 03:43:34.763: [INFO] BookmarkNodeAdded, ABU: 0
2025-10-17 03:43:34.763: [INFO] BookmarkNodeAdded, ABU: 0
2025-10-17 03:43:34.763: [INFO] BookmarkNodeAdded, ABU: 0
2025-10-17 03:43:34.763: [INFO] BookmarkNodeAdded, ABU: 0
2025-10-17 03:43:34.763: [INFO] BookmarkNodeAdded, ABU: 0
2025-10-17 03:43:34.763: [INFO] BookmarkNodeAdded, ABU: 0
2025-10-17 03:43:34.763: [INFO] BookmarkNodeAdded, ABU: 0
2025-10-17 03:43:34.763: [INFO] BookmarkNodeAdded, ABU: 0
2025-10-17 03:43:34.763: [INFO] BookmarkNodeAdded, ABU: 0
2025-10-17 03:43:34.763: [INFO] BookmarkNodeAdded, ABU: 0
2025-10-17 03:43:34.764: [INFO] BookmarkNodeAdded, ABU: 0
2025-10-17 03:43:34.764: [INFO] BookmarkNodeAdded, ABU: 0
2025-10-17 03:43:34.764: [INFO] BookmarkNodeAdded, ABU: 0
2025-10-17 03:43:34.764: [INFO] BookmarkNodeAdded, ABU: 0
2025-10-17 03:43:34.764: [INFO] BookmarkNodeAdded, ABU: 0
2025-10-17 03:43:34.764: [INFO] BookmarkNodeAdded, ABU: 0
2025-10-17 03:43:34.764: [INFO] BookmarkNodeAdded, ABU: 0
2025-10-17 03:43:34.764: [INFO] BookmarkNodeAdded, ABU: 0
2025-10-17 03:43:34.764: [INFO] BookmarkNodeAdded, ABU: 0
2025-10-17 03:43:34.764: [INFO] BookmarkNodeAdded, ABU: 0
2025-10-17 03:43:34.764: [INFO] BookmarkNodeAdded, ABU: 0
2025-10-17 03:43:34.764: [INFO] BookmarkNodeAdded, ABU: 0
2025-10-17 03:43:34.765: [INFO] BookmarkNodeAdded, ABU: 0
2025-10-17 03:43:34.765: [INFO] BookmarkNodeAdded, ABU: 0
2025-10-17 03:43:34.765: [INFO] BookmarkNodeAdded, ABU: 0
2025-10-17 03:43:34.765: [INFO] BookmarkNodeAdded, ABU: 0
2025-10-17 03:43:34.765: [INFO] BookmarkNodeAdded, ABU: 0
2025-10-17 03:43:34.765: [INFO] BookmarkNodeAdded, ABU: 0
2025-10-17 03:43:34.765: [INFO] BookmarkNodeAdded, ABU: 0
2025-10-17 03:43:34.765: [INFO] BookmarkNodeAdded, ABU: 0
2025-10-17 03:43:34.765: [INFO] BookmarkNodeAdded, ABU: 0
2025-10-17 03:43:34.765: [INFO] BookmarkNodeAdded, ABU: 0
2025-10-17 03:43:34.765: [INFO] BookmarkNodeAdded, ABU: 0
2025-10-17 03:43:34.766: [INFO] BookmarkNodeAdded, ABU: 0
2025-10-17 03:43:34.766: [INFO] BookmarkNodeAdded, ABU: 0
2025-10-17 03:43:34.766: [INFO] BookmarkNodeAdded, ABU: 0
2025-10-17 03:43:34.766: [INFO] BookmarkNodeAdded, ABU: 0
2025-10-17 03:43:34.766: [INFO] BookmarkNodeAdded, ABU: 0
2025-10-17 03:43:34.766: [INFO] BookmarkNodeAdded, ABU: 0
2025-10-17 03:43:34.766: [INFO] BookmarkNodeAdded, ABU: 0
2025-10-17 03:43:34.766: [INFO] BookmarkNodeAdded, ABU: 0
2025-10-17 03:43:34.766: [INFO] BookmarkNodeAdded, ABU: 0
2025-10-17 03:43:44.878: [INFO] Sync initialization duration: 18519ms
