{"logTime": "1017/034326", "correlationVector":"pbCWmrISF/L7Udf0klIOqL.1","action":"SyncServerConnectionManagerRequest", "result":"SYNC_SERVER_OK", "context":{"environment":"Prod_brazilsouth_prod-s01-034-sam-brazilsouth", "migrationStage":"NotStarted", "server":"akswtt01400000e"}}
{"logTime": "1017/034331", "correlationVector":"pbCWmrISF/L7Udf0klIOqL.2","action":"AAD.Mip.Unpack", "result":"Success", "context":MIP_CLOUD_COMMERCIAL:Success}
{"logTime": "1017/034331", "correlationVector":"pbCWmrISF/L7Udf0klIOqL.3","action":"EncryptionKeysManager::SetEncryptionKeys:", "result":"Success", "context":Key names[6]:[vbdSvfsLjrD/xy4kgO/bztMUn144efJNA216hwdcAgOacz4vk2TUZHDe7GgFf35oF5/J8XgSQy3sJYVFApndmg==][oLT90BhafIyY9YI7ri6t3FHB4qB4ulE75MbpcAVlr37nhA2mlYHwbJZmRnEFyRt01m7ugtQOeb2OD2yEnKjWOA==][Jfu/LRg9LRP5FCge2kjIXrLY5I0ObMu+sZt9BNwCRFDhOtGN3AmJ6m7+q7QSxMSm3+AQ8kuxo3xahaiHY9HMiA==][cWVtnm2j9AkY86VQI3h6FnzDmi/lWvEvDqHC7JAE3GZUgzRe/ux8AyK/VipBT16Hii2cJuYa3n25hu3ZL1hqTA==][lcvmE0OzxxkxewYyV7iedoY9gETIPQan4DQT9qIppCva311j7IPyUrRx0ARxKfILkKSSOpsMvLXvAENAkh4bew==][K4ejlDFHQrvpqjZ0NGn/l5UH3ONzs9wCM4TZsC647C9b7WssIiN2ItittOG586pdU1lZJpWiB6qOPU7eLxZmLw==]}
{"logTime": "1017/034331", "correlationVector":"pbCWmrISF/L7Udf0klIOqL.4","action":"AAD.GetKeyResponse", "result":"Success", "context":Keys=6.LastKeyStatus=Active. 2025-08-18 17:08:57 -05.State=None. Tags: Current_encryption_keys_tag = 77+9ShNWdu+/ve+/vQoCzZ82GO+/ve+/ve+/vT3vv73vv73vv70577+93bV8YO+/ve+/vX8p77+9, Updated_current_encryption_keys_tag = Empty. Emails: ["gabriela.tornel@delfosti.com"]}
{"logTime": "1017/034331", "correlationVector":"pbCWmrISF/L7Udf0klIOqL.5","action":"ProcessGetUpdates", "result":"Done", "context":{"dataType":"Encryption Keys", "deleted":"0", "process_failed_to_decrypt":"0", "process_pending_decryption":"0", "process_success":"1", "total":"1"}}
{"logTime": "1017/034331", "correlationVector":"pbCWmrISF/L7Udf0klIOqL","action":"Initial GetUpdates", "result":"", "context":Reason: NEW_CLIENT. cV=pbCWmrISF/L7Udf0klIOqL}
{"logTime": "1017/034331", "correlationVector":"pbCWmrISF/L7Udf0klIOqL.6","action":"GetUpdates Response", "result":"Success", "context":Received 1 update(s). cV=pbCWmrISF/L7Udf0klIOqL.0;server=akswtt01400000e;cloudType=Multitenant;environment=Prod_brazilsouth_prod-s01-034-sam-brazilsouth;migrationStage=NotStarted}
{"logTime": "1017/034331", "correlationVector":"/HJkL1U+96TOtDLPGj21x0","action":"Initial GetUpdates", "result":"", "context":Reason: NEW_CLIENT. cV=/HJkL1U+96TOtDLPGj21x0}
{"logTime": "1017/034331", "correlationVector":"/HJkL1U+96TOtDLPGj21x0.1","action":"SyncServerConnectionManagerRequest", "result":"SYNC_SERVER_OK", "context":{"environment":"Prod_brazilsouth_prod-s01-034-sam-brazilsouth", "migrationStage":"NotStarted", "server":"akswtt01400000w"}}
{"logTime": "1017/034331", "correlationVector":"/HJkL1U+96TOtDLPGj21x0.2","action":"ProcessGetUpdates", "result":"Done", "context":{"dataType":"Preferences", "deleted":"0", "process_failed_to_decrypt":"0", "process_pending_decryption":"0", "process_success":"91", "total":"91"}}
{"logTime": "1017/034331", "correlationVector":"/HJkL1U+96TOtDLPGj21x0.3","action":"ProcessGetUpdates", "result":"Done", "context":{"dataType":"Passwords", "deleted":"0", "process_failed_to_decrypt":"0", "process_pending_decryption":"0", "process_success":"114", "total":"114"}}
{"logTime": "1017/034331", "correlationVector":"/HJkL1U+96TOtDLPGj21x0.4","action":"ProcessGetUpdates", "result":"Done", "context":{"dataType":"Device Info", "deleted":"0", "process_failed_to_decrypt":"0", "process_pending_decryption":"0", "process_success":"9", "total":"9"}}
{"logTime": "1017/034331", "correlationVector":"/HJkL1U+96TOtDLPGj21x0.5","action":"GetUpdates Response", "result":"Success", "context":Received 214 update(s). cV=/HJkL1U+96TOtDLPGj21x0.0;server=akswtt01400000w;cloudType=Multitenant;environment=Prod_brazilsouth_prod-s01-034-sam-brazilsouth;migrationStage=NotStarted}
{"logTime": "1017/034332", "correlationVector":"gd5itct6wre7kC8uCioz4g","action":"Initial GetUpdates", "result":"", "context":Reason: NEW_CLIENT. cV=gd5itct6wre7kC8uCioz4g}
{"logTime": "1017/034333", "correlationVector":"gd5itct6wre7kC8uCioz4g.1","action":"SyncServerConnectionManagerRequest", "result":"SYNC_SERVER_OK", "context":{"environment":"Prod_brazilsouth_prod-s01-034-sam-brazilsouth", "migrationStage":"NotStarted", "server":"akswtt014000005"}}
{"logTime": "1017/034333", "correlationVector":"gd5itct6wre7kC8uCioz4g.2","action":"ProcessGetUpdates", "result":"Done", "context":{"dataType":"Bookmarks", "deleted":"0", "process_failed_to_decrypt":"0", "process_pending_decryption":"0", "process_success":"119", "total":"119"}}
{"logTime": "1017/034334", "correlationVector":"gd5itct6wre7kC8uCioz4g.3","action":"GetUpdates Response", "result":"Success", "context":Received 119 update(s). cV=gd5itct6wre7kC8uCioz4g.0;server=akswtt014000005;cloudType=Multitenant;environment=Prod_brazilsouth_prod-s01-034-sam-brazilsouth;migrationStage=NotStarted}
{"logTime": "1017/034334", "correlationVector":"uajU9pNC9ImIslWOEnQrGE","action":"Initial GetUpdates", "result":"", "context":Reason: NEW_CLIENT. cV=uajU9pNC9ImIslWOEnQrGE}
{"logTime": "1017/034336", "correlationVector":"uajU9pNC9ImIslWOEnQrGE.1","action":"SyncServerConnectionManagerRequest", "result":"SYNC_SERVER_OK", "context":{"environment":"Prod_brazilsouth_prod-s01-034-sam-brazilsouth", "migrationStage":"NotStarted", "server":"akswtt01400000y"}}
{"logTime": "1017/034336", "correlationVector":"uajU9pNC9ImIslWOEnQrGE.2","action":"ProcessGetUpdates", "result":"Done", "context":{"dataType":"Autofill", "deleted":"0", "process_failed_to_decrypt":"0", "process_pending_decryption":"0", "process_success":"80", "total":"80"}}
{"logTime": "1017/034336", "correlationVector":"uajU9pNC9ImIslWOEnQrGE.3","action":"ProcessGetUpdates", "result":"Done", "context":{"dataType":"Edge Hub App Usage", "deleted":"0", "process_failed_to_decrypt":"0", "process_pending_decryption":"0", "process_success":"4", "total":"4"}}
{"logTime": "1017/034336", "correlationVector":"uajU9pNC9ImIslWOEnQrGE.4","action":"GetUpdates Response", "result":"Success", "context":Received 84 update(s). cV=uajU9pNC9ImIslWOEnQrGE.0;server=akswtt01400000y;cloudType=Multitenant;environment=Prod_brazilsouth_prod-s01-034-sam-brazilsouth;migrationStage=NotStarted Some updates remain.}
{"logTime": "1017/034336", "correlationVector":"e359a1tO6eOmwZgCXADGWq","action":"Initial GetUpdates", "result":"", "context":Reason: NEW_CLIENT. cV=e359a1tO6eOmwZgCXADGWq}
{"logTime": "1017/034337", "correlationVector":"e359a1tO6eOmwZgCXADGWq.1","action":"SyncServerConnectionManagerRequest", "result":"SYNC_SERVER_OK", "context":{"environment":"Prod_brazilsouth_prod-s01-034-sam-brazilsouth", "migrationStage":"NotStarted", "server":"akswtt01400000q"}}
{"logTime": "1017/034337", "correlationVector":"e359a1tO6eOmwZgCXADGWq.2","action":"ProcessGetUpdates", "result":"Done", "context":{"dataType":"Autofill Profiles", "deleted":"0", "process_failed_to_decrypt":"0", "process_pending_decryption":"0", "process_success":"23", "total":"23"}}
{"logTime": "1017/034337", "correlationVector":"e359a1tO6eOmwZgCXADGWq.3","action":"ProcessGetUpdates", "result":"Done", "context":{"dataType":"Edge Hub App Usage", "deleted":"0", "process_failed_to_decrypt":"0", "process_pending_decryption":"0", "process_success":"14", "total":"14"}}
{"logTime": "1017/034337", "correlationVector":"e359a1tO6eOmwZgCXADGWq.4","action":"GetUpdates Response", "result":"Success", "context":Received 37 update(s). cV=e359a1tO6eOmwZgCXADGWq.0;server=akswtt01400000q;cloudType=Multitenant;environment=Prod_brazilsouth_prod-s01-034-sam-brazilsouth;migrationStage=NotStarted Some updates remain.}
{"logTime": "1017/034337", "correlationVector":"wdSEyYd+VAh+AABzihE+fa","action":"Initial GetUpdates", "result":"", "context":Reason: NEW_CLIENT. cV=wdSEyYd+VAh+AABzihE+fa}
{"logTime": "1017/034338", "correlationVector":"wdSEyYd+VAh+AABzihE+fa.1","action":"SyncServerConnectionManagerRequest", "result":"SYNC_SERVER_OK", "context":{"environment":"Prod_brazilsouth_prod-s01-034-sam-brazilsouth", "migrationStage":"NotStarted", "server":"akswtt01400000s"}}
{"logTime": "1017/034338", "correlationVector":"wdSEyYd+VAh+AABzihE+fa.2","action":"ProcessGetUpdates", "result":"Done", "context":{"dataType":"Autofill Profiles", "deleted":"0", "process_failed_to_decrypt":"0", "process_pending_decryption":"0", "process_success":"207", "total":"207"}}
{"logTime": "1017/034338", "correlationVector":"wdSEyYd+VAh+AABzihE+fa.3","action":"ProcessGetUpdates", "result":"Done", "context":{"dataType":"Autofill", "deleted":"0", "process_failed_to_decrypt":"0", "process_pending_decryption":"0", "process_success":"38", "total":"38"}}
{"logTime": "1017/034338", "correlationVector":"wdSEyYd+VAh+AABzihE+fa.4","action":"GetUpdates Response", "result":"Success", "context":Received 245 update(s). cV=wdSEyYd+VAh+AABzihE+fa.0;server=akswtt01400000s;cloudType=Multitenant;environment=Prod_brazilsouth_prod-s01-034-sam-brazilsouth;migrationStage=NotStarted Some updates remain.}
{"logTime": "1017/034338", "correlationVector":"5Hg8VIQL900K00qrYyV+/x","action":"Initial GetUpdates", "result":"", "context":Reason: NEW_CLIENT. cV=5Hg8VIQL900K00qrYyV+/x}
{"logTime": "1017/034339", "correlationVector":"5Hg8VIQL900K00qrYyV+/x.1","action":"SyncServerConnectionManagerRequest", "result":"SYNC_SERVER_OK", "context":{"environment":"Prod_brazilsouth_prod-s01-034-sam-brazilsouth", "migrationStage":"NotStarted", "server":"akswtt01400000y"}}
{"logTime": "1017/034339", "correlationVector":"5Hg8VIQL900K00qrYyV+/x.2","action":"ProcessGetUpdates", "result":"Done", "context":{"dataType":"Autofill", "deleted":"0", "process_failed_to_decrypt":"0", "process_pending_decryption":"0", "process_success":"250", "total":"250"}}
{"logTime": "1017/034339", "correlationVector":"5Hg8VIQL900K00qrYyV+/x.3","action":"GetUpdates Response", "result":"Success", "context":Received 250 update(s). cV=5Hg8VIQL900K00qrYyV+/x.0;server=akswtt01400000y;cloudType=Multitenant;environment=Prod_brazilsouth_prod-s01-034-sam-brazilsouth;migrationStage=NotStarted Some updates remain.}
{"logTime": "1017/034339", "correlationVector":"7gUCJBy+PgoCXvKC2VmeWg","action":"Initial GetUpdates", "result":"", "context":Reason: NEW_CLIENT. cV=7gUCJBy+PgoCXvKC2VmeWg}
{"logTime": "1017/034340", "correlationVector":"7gUCJBy+PgoCXvKC2VmeWg.1","action":"SyncServerConnectionManagerRequest", "result":"SYNC_SERVER_OK", "context":{"environment":"Prod_brazilsouth_prod-s01-034-sam-brazilsouth", "migrationStage":"NotStarted", "server":"akswtt01400000x"}}
{"logTime": "1017/034340", "correlationVector":"7gUCJBy+PgoCXvKC2VmeWg.2","action":"ProcessGetUpdates", "result":"Done", "context":{"dataType":"Autofill", "deleted":"0", "process_failed_to_decrypt":"0", "process_pending_decryption":"0", "process_success":"250", "total":"250"}}
{"logTime": "1017/034340", "correlationVector":"7gUCJBy+PgoCXvKC2VmeWg.3","action":"GetUpdates Response", "result":"Success", "context":Received 250 update(s). cV=7gUCJBy+PgoCXvKC2VmeWg.0;server=akswtt01400000x;cloudType=Multitenant;environment=Prod_brazilsouth_prod-s01-034-sam-brazilsouth;migrationStage=NotStarted Some updates remain.}
{"logTime": "1017/034340", "correlationVector":"kjG6+HOSkVjlAIuzWmUns0","action":"Initial GetUpdates", "result":"", "context":Reason: NEW_CLIENT. cV=kjG6+HOSkVjlAIuzWmUns0}
{"logTime": "1017/034341", "correlationVector":"kjG6+HOSkVjlAIuzWmUns0.1","action":"SyncServerConnectionManagerRequest", "result":"SYNC_SERVER_OK", "context":{"environment":"Prod_brazilsouth_prod-s01-034-sam-brazilsouth", "migrationStage":"NotStarted", "server":"akswtt01400000y"}}
{"logTime": "1017/034341", "correlationVector":"kjG6+HOSkVjlAIuzWmUns0.2","action":"ProcessGetUpdates", "result":"Done", "context":{"dataType":"Autofill", "deleted":"0", "process_failed_to_decrypt":"0", "process_pending_decryption":"0", "process_success":"250", "total":"250"}}
{"logTime": "1017/034341", "correlationVector":"kjG6+HOSkVjlAIuzWmUns0.3","action":"GetUpdates Response", "result":"Success", "context":Received 250 update(s). cV=kjG6+HOSkVjlAIuzWmUns0.0;server=akswtt01400000y;cloudType=Multitenant;environment=Prod_brazilsouth_prod-s01-034-sam-brazilsouth;migrationStage=NotStarted Some updates remain.}
{"logTime": "1017/034341", "correlationVector":"wvy3TCih7YI1+hmMReBcIX","action":"Initial GetUpdates", "result":"", "context":Reason: NEW_CLIENT. cV=wvy3TCih7YI1+hmMReBcIX}
{"logTime": "1017/034342", "correlationVector":"wvy3TCih7YI1+hmMReBcIX.1","action":"SyncServerConnectionManagerRequest", "result":"SYNC_SERVER_OK", "context":{"environment":"Prod_brazilsouth_prod-s01-034-sam-brazilsouth", "migrationStage":"NotStarted", "server":"akswtt01400000s"}}
{"logTime": "1017/034342", "correlationVector":"wvy3TCih7YI1+hmMReBcIX.2","action":"ProcessGetUpdates", "result":"Done", "context":{"dataType":"Autofill", "deleted":"0", "process_failed_to_decrypt":"0", "process_pending_decryption":"0", "process_success":"143", "total":"143"}}
{"logTime": "1017/034342", "correlationVector":"wvy3TCih7YI1+hmMReBcIX.3","action":"ProcessGetUpdates", "result":"Done", "context":{"dataType":"Extensions", "deleted":"0", "process_failed_to_decrypt":"0", "process_pending_decryption":"0", "process_success":"3", "total":"3"}}
{"logTime": "1017/034342", "correlationVector":"wvy3TCih7YI1+hmMReBcIX.4","action":"ProcessGetUpdates", "result":"Done", "context":{"dataType":"Extension settings", "deleted":"0", "process_failed_to_decrypt":"0", "process_pending_decryption":"0", "process_success":"20", "total":"20"}}
{"logTime": "1017/034342", "correlationVector":"wvy3TCih7YI1+hmMReBcIX.5","action":"ProcessGetUpdates", "result":"Done", "context":{"dataType":"Edge Hub App Usage", "deleted":"0", "process_failed_to_decrypt":"0", "process_pending_decryption":"0", "process_success":"4", "total":"4"}}
{"logTime": "1017/034342", "correlationVector":"wvy3TCih7YI1+hmMReBcIX.6","action":"GetUpdates Response", "result":"Success", "context":Received 170 update(s). cV=wvy3TCih7YI1+hmMReBcIX.0;server=akswtt01400000s;cloudType=Multitenant;environment=Prod_brazilsouth_prod-s01-034-sam-brazilsouth;migrationStage=NotStarted Some updates remain.}
{"logTime": "1017/034342", "correlationVector":"fd/zbAPhv7fah9N1qC7fB9","action":"Initial GetUpdates", "result":"", "context":Reason: NEW_CLIENT. cV=fd/zbAPhv7fah9N1qC7fB9}
{"logTime": "1017/034342", "correlationVector":"fd/zbAPhv7fah9N1qC7fB9.1","action":"SyncServerConnectionManagerRequest", "result":"SYNC_SERVER_OK", "context":{"environment":"Prod_brazilsouth_prod-s01-034-sam-brazilsouth", "migrationStage":"NotStarted", "server":"akswtt014000005"}}
{"logTime": "1017/034342", "correlationVector":"fd/zbAPhv7fah9N1qC7fB9.2","action":"ProcessGetUpdates", "result":"Done", "context":{"dataType":"Autofill Profiles", "deleted":"0", "process_failed_to_decrypt":"0", "process_pending_decryption":"0", "process_success":"3", "total":"3"}}
{"logTime": "1017/034342", "correlationVector":"fd/zbAPhv7fah9N1qC7fB9.3","action":"ProcessGetUpdates", "result":"Done", "context":{"dataType":"Autofill", "deleted":"0", "process_failed_to_decrypt":"0", "process_pending_decryption":"0", "process_success":"6", "total":"6"}}
{"logTime": "1017/034342", "correlationVector":"fd/zbAPhv7fah9N1qC7fB9.4","action":"ProcessGetUpdates", "result":"Done", "context":{"dataType":"Edge Hub App Usage", "deleted":"0", "process_failed_to_decrypt":"0", "process_pending_decryption":"0", "process_success":"17", "total":"17"}}
{"logTime": "1017/034342", "correlationVector":"fd/zbAPhv7fah9N1qC7fB9.5","action":"GetUpdates Response", "result":"Success", "context":Received 26 update(s). cV=fd/zbAPhv7fah9N1qC7fB9.0;server=akswtt014000005;cloudType=Multitenant;environment=Prod_brazilsouth_prod-s01-034-sam-brazilsouth;migrationStage=NotStarted Some updates remain.}
{"logTime": "1017/034342", "correlationVector":"JT4m6+UFvNfJdkjFMP90nE","action":"Initial GetUpdates", "result":"", "context":Reason: NEW_CLIENT. cV=JT4m6+UFvNfJdkjFMP90nE}
{"logTime": "1017/034343", "correlationVector":"JT4m6+UFvNfJdkjFMP90nE.1","action":"SyncServerConnectionManagerRequest", "result":"SYNC_SERVER_OK", "context":{"environment":"Prod_brazilsouth_prod-s01-034-sam-brazilsouth", "migrationStage":"NotStarted", "server":"akswtt01400000s"}}
{"logTime": "1017/034343", "correlationVector":"JT4m6+UFvNfJdkjFMP90nE.2","action":"ProcessGetUpdates", "result":"Done", "context":{"dataType":"Autofill Profiles", "deleted":"0", "process_failed_to_decrypt":"0", "process_pending_decryption":"0", "process_success":"7", "total":"7"}}
{"logTime": "1017/034343", "correlationVector":"JT4m6+UFvNfJdkjFMP90nE.3","action":"ProcessGetUpdates", "result":"Done", "context":{"dataType":"Autofill", "deleted":"0", "process_failed_to_decrypt":"0", "process_pending_decryption":"0", "process_success":"13", "total":"13"}}
{"logTime": "1017/034343", "correlationVector":"JT4m6+UFvNfJdkjFMP90nE.4","action":"ProcessGetUpdates", "result":"Done", "context":{"dataType":"Saved Tab Group", "deleted":"0", "process_failed_to_decrypt":"0", "process_pending_decryption":"0", "process_success":"5", "total":"5"}}
{"logTime": "1017/034343", "correlationVector":"JT4m6+UFvNfJdkjFMP90nE.5","action":"ProcessGetUpdates", "result":"Done", "context":{"dataType":"Edge Hub App Usage", "deleted":"0", "process_failed_to_decrypt":"0", "process_pending_decryption":"0", "process_success":"4", "total":"4"}}
{"logTime": "1017/034343", "correlationVector":"JT4m6+UFvNfJdkjFMP90nE.6","action":"GetUpdates Response", "result":"Success", "context":Received 29 update(s). cV=JT4m6+UFvNfJdkjFMP90nE.0;server=akswtt01400000s;cloudType=Multitenant;environment=Prod_brazilsouth_prod-s01-034-sam-brazilsouth;migrationStage=NotStarted Some updates remain.}
{"logTime": "1017/034343", "correlationVector":"Qos2V2imKIK3svkrUzjdTr","action":"Initial GetUpdates", "result":"", "context":Reason: NEW_CLIENT. cV=Qos2V2imKIK3svkrUzjdTr}
{"logTime": "1017/034343", "correlationVector":"Qos2V2imKIK3svkrUzjdTr.1","action":"SyncServerConnectionManagerRequest", "result":"SYNC_SERVER_OK", "context":{"environment":"Prod_brazilsouth_prod-s01-034-sam-brazilsouth", "migrationStage":"NotStarted", "server":"akswtt01400000j"}}
{"logTime": "1017/034343", "correlationVector":"Qos2V2imKIK3svkrUzjdTr.2","action":"ProcessGetUpdates", "result":"Done", "context":{"dataType":"Autofill Profiles", "deleted":"0", "process_failed_to_decrypt":"0", "process_pending_decryption":"0", "process_success":"2", "total":"2"}}
{"logTime": "1017/034343", "correlationVector":"Qos2V2imKIK3svkrUzjdTr.3","action":"ProcessGetUpdates", "result":"Done", "context":{"dataType":"Autofill", "deleted":"0", "process_failed_to_decrypt":"0", "process_pending_decryption":"0", "process_success":"9", "total":"9"}}
{"logTime": "1017/034343", "correlationVector":"Qos2V2imKIK3svkrUzjdTr.4","action":"ProcessGetUpdates", "result":"Done", "context":{"dataType":"Edge Hub App Usage", "deleted":"0", "process_failed_to_decrypt":"0", "process_pending_decryption":"0", "process_success":"4", "total":"4"}}
{"logTime": "1017/034343", "correlationVector":"Qos2V2imKIK3svkrUzjdTr.5","action":"GetUpdates Response", "result":"Success", "context":Received 15 update(s). cV=Qos2V2imKIK3svkrUzjdTr.0;server=akswtt01400000j;cloudType=Multitenant;environment=Prod_brazilsouth_prod-s01-034-sam-brazilsouth;migrationStage=NotStarted Some updates remain.}
{"logTime": "1017/034343", "correlationVector":"nreAByUfxTMfgVpcWcFxl2","action":"Initial GetUpdates", "result":"", "context":Reason: NEW_CLIENT. cV=nreAByUfxTMfgVpcWcFxl2}
{"logTime": "1017/034344", "correlationVector":"nreAByUfxTMfgVpcWcFxl2.1","action":"SyncServerConnectionManagerRequest", "result":"SYNC_SERVER_OK", "context":{"environment":"Prod_brazilsouth_prod-s01-034-sam-brazilsouth", "migrationStage":"NotStarted", "server":"akswtt01400000y"}}
{"logTime": "1017/034344", "correlationVector":"nreAByUfxTMfgVpcWcFxl2.2","action":"ProcessGetUpdates", "result":"Done", "context":{"dataType":"Autofill Profiles", "deleted":"0", "process_failed_to_decrypt":"0", "process_pending_decryption":"0", "process_success":"1", "total":"1"}}
{"logTime": "1017/034344", "correlationVector":"nreAByUfxTMfgVpcWcFxl2.3","action":"ProcessGetUpdates", "result":"Done", "context":{"dataType":"Autofill", "deleted":"0", "process_failed_to_decrypt":"0", "process_pending_decryption":"0", "process_success":"6", "total":"6"}}
{"logTime": "1017/034344", "correlationVector":"nreAByUfxTMfgVpcWcFxl2.4","action":"ProcessGetUpdates", "result":"Done", "context":{"dataType":"Sessions", "deleted":"0", "process_failed_to_decrypt":"0", "process_pending_decryption":"0", "process_success":"10", "total":"10"}}
{"logTime": "1017/034344", "correlationVector":"nreAByUfxTMfgVpcWcFxl2.5","action":"ProcessGetUpdates", "result":"Done", "context":{"dataType":"Extension settings", "deleted":"0", "process_failed_to_decrypt":"0", "process_pending_decryption":"0", "process_success":"1", "total":"1"}}
{"logTime": "1017/034344", "correlationVector":"nreAByUfxTMfgVpcWcFxl2.6","action":"ProcessGetUpdates", "result":"Done", "context":{"dataType":"Saved Tab Group", "deleted":"0", "process_failed_to_decrypt":"0", "process_pending_decryption":"0", "process_success":"4", "total":"4"}}
{"logTime": "1017/034344", "correlationVector":"nreAByUfxTMfgVpcWcFxl2.7","action":"ProcessGetUpdates", "result":"Done", "context":{"dataType":"Edge Hub App Usage", "deleted":"0", "process_failed_to_decrypt":"0", "process_pending_decryption":"0", "process_success":"5", "total":"5"}}
{"logTime": "1017/034344", "correlationVector":"nreAByUfxTMfgVpcWcFxl2.8","action":"GetUpdates Response", "result":"Success", "context":Received 27 update(s). cV=nreAByUfxTMfgVpcWcFxl2.0;server=akswtt01400000y;cloudType=Multitenant;environment=Prod_brazilsouth_prod-s01-034-sam-brazilsouth;migrationStage=NotStarted Some updates remain.}
{"logTime": "1017/034344", "correlationVector":"6mqqvJGXLxbjv0cZ3Wvtoq","action":"Initial GetUpdates", "result":"", "context":Reason: NEW_CLIENT. cV=6mqqvJGXLxbjv0cZ3Wvtoq}
{"logTime": "1017/034344", "correlationVector":"6mqqvJGXLxbjv0cZ3Wvtoq.1","action":"SyncServerConnectionManagerRequest", "result":"SYNC_SERVER_OK", "context":{"environment":"Prod_brazilsouth_prod-s01-034-sam-brazilsouth", "migrationStage":"NotStarted", "server":"akswtt01400000x"}}
{"logTime": "1017/034344", "correlationVector":"6mqqvJGXLxbjv0cZ3Wvtoq.2","action":"ProcessGetUpdates", "result":"Done", "context":{"dataType":"Autofill Profiles", "deleted":"0", "process_failed_to_decrypt":"0", "process_pending_decryption":"0", "process_success":"3", "total":"3"}}
{"logTime": "1017/034344", "correlationVector":"6mqqvJGXLxbjv0cZ3Wvtoq.3","action":"ProcessGetUpdates", "result":"Done", "context":{"dataType":"Autofill", "deleted":"0", "process_failed_to_decrypt":"0", "process_pending_decryption":"0", "process_success":"11", "total":"11"}}
{"logTime": "1017/034344", "correlationVector":"6mqqvJGXLxbjv0cZ3Wvtoq.4","action":"ProcessGetUpdates", "result":"Done", "context":{"dataType":"Extensions", "deleted":"0", "process_failed_to_decrypt":"0", "process_pending_decryption":"0", "process_success":"1", "total":"1"}}
{"logTime": "1017/034344", "correlationVector":"6mqqvJGXLxbjv0cZ3Wvtoq.5","action":"ProcessGetUpdates", "result":"Done", "context":{"dataType":"Sessions", "deleted":"0", "process_failed_to_decrypt":"0", "process_pending_decryption":"0", "process_success":"28", "total":"28"}}
{"logTime": "1017/034344", "correlationVector":"6mqqvJGXLxbjv0cZ3Wvtoq.6","action":"ProcessGetUpdates", "result":"Done", "context":{"dataType":"Saved Tab Group", "deleted":"0", "process_failed_to_decrypt":"0", "process_pending_decryption":"0", "process_success":"8", "total":"8"}}
{"logTime": "1017/034344", "correlationVector":"6mqqvJGXLxbjv0cZ3Wvtoq.7","action":"GetUpdates Response", "result":"Success", "context":Received 51 update(s). cV=6mqqvJGXLxbjv0cZ3Wvtoq.0;server=akswtt01400000x;cloudType=Multitenant;environment=Prod_brazilsouth_prod-s01-034-sam-brazilsouth;migrationStage=NotStarted Some updates remain.}
{"logTime": "1017/034344", "correlationVector":"cEyV6uy2o5ehDakTuTQdvl","action":"Initial GetUpdates", "result":"", "context":Reason: NEW_CLIENT. cV=cEyV6uy2o5ehDakTuTQdvl}
{"logTime": "1017/034344", "correlationVector":"cEyV6uy2o5ehDakTuTQdvl.1","action":"SyncServerConnectionManagerRequest", "result":"SYNC_SERVER_OK", "context":{"environment":"Prod_brazilsouth_prod-s01-034-sam-brazilsouth", "migrationStage":"NotStarted", "server":"akswtt01400001a"}}
{"logTime": "1017/034344", "correlationVector":"cEyV6uy2o5ehDakTuTQdvl.2","action":"ProcessGetUpdates", "result":"Done", "context":{"dataType":"Autofill Profiles", "deleted":"0", "process_failed_to_decrypt":"0", "process_pending_decryption":"0", "process_success":"10", "total":"10"}}
{"logTime": "1017/034344", "correlationVector":"cEyV6uy2o5ehDakTuTQdvl.3","action":"ProcessGetUpdates", "result":"Done", "context":{"dataType":"Autofill", "deleted":"0", "process_failed_to_decrypt":"0", "process_pending_decryption":"0", "process_success":"17", "total":"17"}}
{"logTime": "1017/034344", "correlationVector":"cEyV6uy2o5ehDakTuTQdvl.4","action":"ProcessGetUpdates", "result":"Done", "context":{"dataType":"Sessions", "deleted":"0", "process_failed_to_decrypt":"0", "process_pending_decryption":"0", "process_success":"56", "total":"56"}}
{"logTime": "1017/034344", "correlationVector":"cEyV6uy2o5ehDakTuTQdvl.5","action":"ProcessGetUpdates", "result":"Done", "context":{"dataType":"Extension settings", "deleted":"0", "process_failed_to_decrypt":"0", "process_pending_decryption":"0", "process_success":"2", "total":"2"}}
{"logTime": "1017/034344", "correlationVector":"cEyV6uy2o5ehDakTuTQdvl.6","action":"ProcessGetUpdates", "result":"Done", "context":{"dataType":"Saved Tab Group", "deleted":"0", "process_failed_to_decrypt":"0", "process_pending_decryption":"0", "process_success":"25", "total":"25"}}
{"logTime": "1017/034344", "correlationVector":"cEyV6uy2o5ehDakTuTQdvl.7","action":"GetUpdates Response", "result":"Success", "context":Received 110 update(s). cV=cEyV6uy2o5ehDakTuTQdvl.0;server=akswtt01400001a;cloudType=Multitenant;environment=Prod_brazilsouth_prod-s01-034-sam-brazilsouth;migrationStage=NotStarted}
{"logTime": "1017/034344", "correlationVector":"0T5YWUNyYfh8/2V64zzsj3","action":"Initial GetUpdates", "result":"", "context":Reason: NEW_CLIENT. cV=0T5YWUNyYfh8/2V64zzsj3}
{"logTime": "1017/034345", "correlationVector":"0T5YWUNyYfh8/2V64zzsj3.1","action":"SyncServerConnectionManagerRequest", "result":"SYNC_SERVER_OK", "context":{"environment":"Prod_brazilsouth_prod-s01-034-sam-brazilsouth", "migrationStage":"NotStarted", "server":"akswtt01400001c"}}
{"logTime": "1017/034345", "correlationVector":"0T5YWUNyYfh8/2V64zzsj3.2","action":"ProcessGetUpdates", "result":"Done", "context":{"dataType":"History", "deleted":"0", "process_failed_to_decrypt":"0", "process_pending_decryption":"0", "process_success":"250", "total":"250"}}
{"logTime": "1017/034345", "correlationVector":"0T5YWUNyYfh8/2V64zzsj3.3","action":"GetUpdates Response", "result":"Success", "context":Received 250 update(s). cV=0T5YWUNyYfh8/2V64zzsj3.0;server=akswtt01400001c;cloudType=Multitenant;environment=Prod_brazilsouth_prod-s01-034-sam-brazilsouth;migrationStage=NotStarted Some updates remain.}
{"logTime": "1017/034345", "correlationVector":"7O18fywE/r7BAvhrEBN8UC","action":"Initial GetUpdates", "result":"", "context":Reason: NEW_CLIENT. cV=7O18fywE/r7BAvhrEBN8UC}
{"logTime": "1017/034346", "correlationVector":"7O18fywE/r7BAvhrEBN8UC.1","action":"SyncServerConnectionManagerRequest", "result":"SYNC_SERVER_OK", "context":{"environment":"Prod_brazilsouth_prod-s01-034-sam-brazilsouth", "migrationStage":"NotStarted", "server":"akswtt01400000e"}}
{"logTime": "1017/034346", "correlationVector":"7O18fywE/r7BAvhrEBN8UC.2","action":"ProcessGetUpdates", "result":"Done", "context":{"dataType":"History", "deleted":"0", "process_failed_to_decrypt":"0", "process_pending_decryption":"0", "process_success":"250", "total":"250"}}
{"logTime": "1017/034346", "correlationVector":"7O18fywE/r7BAvhrEBN8UC.3","action":"GetUpdates Response", "result":"Success", "context":Received 250 update(s). cV=7O18fywE/r7BAvhrEBN8UC.0;server=akswtt01400000e;cloudType=Multitenant;environment=Prod_brazilsouth_prod-s01-034-sam-brazilsouth;migrationStage=NotStarted Some updates remain.}
{"logTime": "1017/034346", "correlationVector":"ZIm9fcX4sZEb1vq5F81wAI","action":"Initial GetUpdates", "result":"", "context":Reason: NEW_CLIENT. cV=ZIm9fcX4sZEb1vq5F81wAI}
{"logTime": "1017/034347", "correlationVector":"ZIm9fcX4sZEb1vq5F81wAI.1","action":"SyncServerConnectionManagerRequest", "result":"SYNC_SERVER_OK", "context":{"environment":"Prod_brazilsouth_prod-s01-034-sam-brazilsouth", "migrationStage":"NotStarted", "server":"akswtt01400000w"}}
{"logTime": "1017/034347", "correlationVector":"ZIm9fcX4sZEb1vq5F81wAI.2","action":"ProcessGetUpdates", "result":"Done", "context":{"dataType":"History", "deleted":"0", "process_failed_to_decrypt":"0", "process_pending_decryption":"0", "process_success":"250", "total":"250"}}
{"logTime": "1017/034347", "correlationVector":"ZIm9fcX4sZEb1vq5F81wAI.3","action":"GetUpdates Response", "result":"Success", "context":Received 250 update(s). cV=ZIm9fcX4sZEb1vq5F81wAI.0;server=akswtt01400000w;cloudType=Multitenant;environment=Prod_brazilsouth_prod-s01-034-sam-brazilsouth;migrationStage=NotStarted Some updates remain.}
{"logTime": "1017/034347", "correlationVector":"hFxP61OR0wZcqndTxocXjL","action":"Initial GetUpdates", "result":"", "context":Reason: NEW_CLIENT. cV=hFxP61OR0wZcqndTxocXjL}
{"logTime": "1017/034348", "correlationVector":"hFxP61OR0wZcqndTxocXjL.1","action":"SyncServerConnectionManagerRequest", "result":"SYNC_SERVER_OK", "context":{"environment":"Prod_brazilsouth_prod-s01-034-sam-brazilsouth", "migrationStage":"NotStarted", "server":"akswtt01400001e"}}
{"logTime": "1017/034348", "correlationVector":"hFxP61OR0wZcqndTxocXjL.2","action":"ProcessGetUpdates", "result":"Done", "context":{"dataType":"History", "deleted":"0", "process_failed_to_decrypt":"0", "process_pending_decryption":"0", "process_success":"250", "total":"250"}}
{"logTime": "1017/034348", "correlationVector":"hFxP61OR0wZcqndTxocXjL.3","action":"GetUpdates Response", "result":"Success", "context":Received 250 update(s). cV=hFxP61OR0wZcqndTxocXjL.0;server=akswtt01400001e;cloudType=Multitenant;environment=Prod_brazilsouth_prod-s01-034-sam-brazilsouth;migrationStage=NotStarted Some updates remain.}
{"logTime": "1017/034348", "correlationVector":"JNPkxRUVliMsRDrL1Nukso","action":"Initial GetUpdates", "result":"", "context":Reason: NEW_CLIENT. cV=JNPkxRUVliMsRDrL1Nukso}
{"logTime": "1017/034348", "correlationVector":"JNPkxRUVliMsRDrL1Nukso.1","action":"SyncServerConnectionManagerRequest", "result":"SYNC_SERVER_OK", "context":{"environment":"Prod_brazilsouth_prod-s01-034-sam-brazilsouth", "migrationStage":"NotStarted", "server":"akswtt01400000f"}}
{"logTime": "1017/034348", "correlationVector":"JNPkxRUVliMsRDrL1Nukso.2","action":"ProcessGetUpdates", "result":"Done", "context":{"dataType":"History", "deleted":"0", "process_failed_to_decrypt":"0", "process_pending_decryption":"0", "process_success":"250", "total":"250"}}
{"logTime": "1017/034348", "correlationVector":"JNPkxRUVliMsRDrL1Nukso.3","action":"GetUpdates Response", "result":"Success", "context":Received 250 update(s). cV=JNPkxRUVliMsRDrL1Nukso.0;server=akswtt01400000f;cloudType=Multitenant;environment=Prod_brazilsouth_prod-s01-034-sam-brazilsouth;migrationStage=NotStarted Some updates remain.}
{"logTime": "1017/034348", "correlationVector":"Bk4/bqAKgph6PcRhzLohC/","action":"Initial GetUpdates", "result":"", "context":Reason: NEW_CLIENT. cV=Bk4/bqAKgph6PcRhzLohC/}
{"logTime": "1017/034348", "correlationVector":"Bk4/bqAKgph6PcRhzLohC/.1","action":"SyncServerConnectionManagerRequest", "result":"SYNC_SERVER_OK", "context":{"environment":"Prod_brazilsouth_prod-s01-034-sam-brazilsouth", "migrationStage":"NotStarted", "server":"akswtt01400000y"}}
{"logTime": "1017/034348", "correlationVector":"Bk4/bqAKgph6PcRhzLohC/.2","action":"ProcessGetUpdates", "result":"Done", "context":{"dataType":"History", "deleted":"0", "process_failed_to_decrypt":"0", "process_pending_decryption":"0", "process_success":"250", "total":"250"}}
{"logTime": "1017/034348", "correlationVector":"Bk4/bqAKgph6PcRhzLohC/.3","action":"GetUpdates Response", "result":"Success", "context":Received 250 update(s). cV=Bk4/bqAKgph6PcRhzLohC/.0;server=akswtt01400000y;cloudType=Multitenant;environment=Prod_brazilsouth_prod-s01-034-sam-brazilsouth;migrationStage=NotStarted Some updates remain.}
{"logTime": "1017/034348", "correlationVector":"Dw8rnwVvuFtYSucpurt2Ah","action":"Initial GetUpdates", "result":"", "context":Reason: NEW_CLIENT. cV=Dw8rnwVvuFtYSucpurt2Ah}
{"logTime": "1017/034349", "correlationVector":"Dw8rnwVvuFtYSucpurt2Ah.1","action":"SyncServerConnectionManagerRequest", "result":"SYNC_SERVER_OK", "context":{"environment":"Prod_brazilsouth_prod-s01-034-sam-brazilsouth", "migrationStage":"NotStarted", "server":"akswtt01400000e"}}
{"logTime": "1017/034349", "correlationVector":"Dw8rnwVvuFtYSucpurt2Ah.2","action":"ProcessGetUpdates", "result":"Done", "context":{"dataType":"History", "deleted":"0", "process_failed_to_decrypt":"0", "process_pending_decryption":"0", "process_success":"250", "total":"250"}}
{"logTime": "1017/034349", "correlationVector":"Dw8rnwVvuFtYSucpurt2Ah.3","action":"GetUpdates Response", "result":"Success", "context":Received 250 update(s). cV=Dw8rnwVvuFtYSucpurt2Ah.0;server=akswtt01400000e;cloudType=Multitenant;environment=Prod_brazilsouth_prod-s01-034-sam-brazilsouth;migrationStage=NotStarted Some updates remain.}
{"logTime": "1017/034349", "correlationVector":"56HzEiqR+UZhU1ZvyOtEPl","action":"Initial GetUpdates", "result":"", "context":Reason: NEW_CLIENT. cV=56HzEiqR+UZhU1ZvyOtEPl}
{"logTime": "1017/034349", "correlationVector":"56HzEiqR+UZhU1ZvyOtEPl.1","action":"SyncServerConnectionManagerRequest", "result":"SYNC_SERVER_OK", "context":{"environment":"Prod_brazilsouth_prod-s01-034-sam-brazilsouth", "migrationStage":"NotStarted", "server":"akswtt014000002"}}
{"logTime": "1017/034349", "correlationVector":"56HzEiqR+UZhU1ZvyOtEPl.2","action":"ProcessGetUpdates", "result":"Done", "context":{"dataType":"History", "deleted":"0", "process_failed_to_decrypt":"0", "process_pending_decryption":"0", "process_success":"250", "total":"250"}}
{"logTime": "1017/034349", "correlationVector":"56HzEiqR+UZhU1ZvyOtEPl.3","action":"GetUpdates Response", "result":"Success", "context":Received 250 update(s). cV=56HzEiqR+UZhU1ZvyOtEPl.0;server=akswtt014000002;cloudType=Multitenant;environment=Prod_brazilsouth_prod-s01-034-sam-brazilsouth;migrationStage=NotStarted Some updates remain.}
{"logTime": "1017/034349", "correlationVector":"lgbXW9aK8NwTX0Gb2tZD4g","action":"Initial GetUpdates", "result":"", "context":Reason: NEW_CLIENT. cV=lgbXW9aK8NwTX0Gb2tZD4g}
{"logTime": "1017/034350", "correlationVector":"lgbXW9aK8NwTX0Gb2tZD4g.1","action":"SyncServerConnectionManagerRequest", "result":"SYNC_SERVER_OK", "context":{"environment":"Prod_brazilsouth_prod-s01-034-sam-brazilsouth", "migrationStage":"NotStarted", "server":"akswtt01400000q"}}
{"logTime": "1017/034350", "correlationVector":"lgbXW9aK8NwTX0Gb2tZD4g.2","action":"ProcessGetUpdates", "result":"Done", "context":{"dataType":"History", "deleted":"0", "process_failed_to_decrypt":"0", "process_pending_decryption":"0", "process_success":"250", "total":"250"}}
{"logTime": "1017/034350", "correlationVector":"lgbXW9aK8NwTX0Gb2tZD4g.3","action":"GetUpdates Response", "result":"Success", "context":Received 250 update(s). cV=lgbXW9aK8NwTX0Gb2tZD4g.0;server=akswtt01400000q;cloudType=Multitenant;environment=Prod_brazilsouth_prod-s01-034-sam-brazilsouth;migrationStage=NotStarted Some updates remain.}
{"logTime": "1017/034350", "correlationVector":"kSWmpI3/LpukzqUjUZreKE","action":"Initial GetUpdates", "result":"", "context":Reason: NEW_CLIENT. cV=kSWmpI3/LpukzqUjUZreKE}
{"logTime": "1017/034350", "correlationVector":"kSWmpI3/LpukzqUjUZreKE.1","action":"SyncServerConnectionManagerRequest", "result":"SYNC_SERVER_OK", "context":{"environment":"Prod_brazilsouth_prod-s01-034-sam-brazilsouth", "migrationStage":"NotStarted", "server":"akswtt014000017"}}
{"logTime": "1017/034350", "correlationVector":"kSWmpI3/LpukzqUjUZreKE.2","action":"ProcessGetUpdates", "result":"Done", "context":{"dataType":"History", "deleted":"0", "process_failed_to_decrypt":"0", "process_pending_decryption":"0", "process_success":"250", "total":"250"}}
{"logTime": "1017/034350", "correlationVector":"kSWmpI3/LpukzqUjUZreKE.3","action":"GetUpdates Response", "result":"Success", "context":Received 250 update(s). cV=kSWmpI3/LpukzqUjUZreKE.0;server=akswtt014000017;cloudType=Multitenant;environment=Prod_brazilsouth_prod-s01-034-sam-brazilsouth;migrationStage=NotStarted Some updates remain.}
{"logTime": "1017/034350", "correlationVector":"7x+0VNcuH8OmAQhvbYDgT+","action":"Initial GetUpdates", "result":"", "context":Reason: NEW_CLIENT. cV=7x+0VNcuH8OmAQhvbYDgT+}
{"logTime": "1017/034351", "correlationVector":"7x+0VNcuH8OmAQhvbYDgT+.1","action":"SyncServerConnectionManagerRequest", "result":"SYNC_SERVER_OK", "context":{"environment":"Prod_brazilsouth_prod-s01-034-sam-brazilsouth", "migrationStage":"NotStarted", "server":"akswtt014000005"}}
{"logTime": "1017/034351", "correlationVector":"7x+0VNcuH8OmAQhvbYDgT+.2","action":"ProcessGetUpdates", "result":"Done", "context":{"dataType":"History", "deleted":"0", "process_failed_to_decrypt":"0", "process_pending_decryption":"0", "process_success":"250", "total":"250"}}
{"logTime": "1017/034351", "correlationVector":"7x+0VNcuH8OmAQhvbYDgT+.3","action":"GetUpdates Response", "result":"Success", "context":Received 250 update(s). cV=7x+0VNcuH8OmAQhvbYDgT+.0;server=akswtt014000005;cloudType=Multitenant;environment=Prod_brazilsouth_prod-s01-034-sam-brazilsouth;migrationStage=NotStarted Some updates remain.}
{"logTime": "1017/034351", "correlationVector":"JlCvlQJK86bcK3qF6oz3j8","action":"Initial GetUpdates", "result":"", "context":Reason: NEW_CLIENT. cV=JlCvlQJK86bcK3qF6oz3j8}
{"logTime": "1017/034351", "correlationVector":"JlCvlQJK86bcK3qF6oz3j8.1","action":"SyncServerConnectionManagerRequest", "result":"SYNC_SERVER_OK", "context":{"environment":"Prod_brazilsouth_prod-s01-034-sam-brazilsouth", "migrationStage":"NotStarted", "server":"akswtt014000009"}}
{"logTime": "1017/034351", "correlationVector":"JlCvlQJK86bcK3qF6oz3j8.2","action":"ProcessGetUpdates", "result":"Done", "context":{"dataType":"History", "deleted":"0", "process_failed_to_decrypt":"0", "process_pending_decryption":"0", "process_success":"250", "total":"250"}}
{"logTime": "1017/034351", "correlationVector":"JlCvlQJK86bcK3qF6oz3j8.3","action":"GetUpdates Response", "result":"Success", "context":Received 250 update(s). cV=JlCvlQJK86bcK3qF6oz3j8.0;server=akswtt014000009;cloudType=Multitenant;environment=Prod_brazilsouth_prod-s01-034-sam-brazilsouth;migrationStage=NotStarted Some updates remain.}
{"logTime": "1017/034351", "correlationVector":"5n6NvSGOeZ4tkO+P8qrFpc","action":"Initial GetUpdates", "result":"", "context":Reason: NEW_CLIENT. cV=5n6NvSGOeZ4tkO+P8qrFpc}
{"logTime": "1017/034352", "correlationVector":"5n6NvSGOeZ4tkO+P8qrFpc.1","action":"SyncServerConnectionManagerRequest", "result":"SYNC_SERVER_OK", "context":{"environment":"Prod_brazilsouth_prod-s01-034-sam-brazilsouth", "migrationStage":"NotStarted", "server":"akswtt014000017"}}
{"logTime": "1017/034352", "correlationVector":"5n6NvSGOeZ4tkO+P8qrFpc.2","action":"ProcessGetUpdates", "result":"Done", "context":{"dataType":"History", "deleted":"0", "process_failed_to_decrypt":"0", "process_pending_decryption":"0", "process_success":"250", "total":"250"}}
{"logTime": "1017/034352", "correlationVector":"5n6NvSGOeZ4tkO+P8qrFpc.3","action":"GetUpdates Response", "result":"Success", "context":Received 250 update(s). cV=5n6NvSGOeZ4tkO+P8qrFpc.0;server=akswtt014000017;cloudType=Multitenant;environment=Prod_brazilsouth_prod-s01-034-sam-brazilsouth;migrationStage=NotStarted Some updates remain.}
{"logTime": "1017/034352", "correlationVector":"WO3ppfx/tjVlKz+sgVcKs7","action":"Initial GetUpdates", "result":"", "context":Reason: NEW_CLIENT. cV=WO3ppfx/tjVlKz+sgVcKs7}
{"logTime": "1017/034352", "correlationVector":"WO3ppfx/tjVlKz+sgVcKs7.1","action":"SyncServerConnectionManagerRequest", "result":"SYNC_SERVER_OK", "context":{"environment":"Prod_brazilsouth_prod-s01-034-sam-brazilsouth", "migrationStage":"NotStarted", "server":"akswtt01400000q"}}
{"logTime": "1017/034352", "correlationVector":"WO3ppfx/tjVlKz+sgVcKs7.2","action":"ProcessGetUpdates", "result":"Done", "context":{"dataType":"History", "deleted":"0", "process_failed_to_decrypt":"0", "process_pending_decryption":"0", "process_success":"250", "total":"250"}}
{"logTime": "1017/034352", "correlationVector":"WO3ppfx/tjVlKz+sgVcKs7.3","action":"GetUpdates Response", "result":"Success", "context":Received 250 update(s). cV=WO3ppfx/tjVlKz+sgVcKs7.0;server=akswtt01400000q;cloudType=Multitenant;environment=Prod_brazilsouth_prod-s01-034-sam-brazilsouth;migrationStage=NotStarted Some updates remain.}
{"logTime": "1017/034352", "correlationVector":"Z/EwgANCAEcDHOZsYs04wG","action":"Initial GetUpdates", "result":"", "context":Reason: NEW_CLIENT. cV=Z/EwgANCAEcDHOZsYs04wG}
{"logTime": "1017/034353", "correlationVector":"Z/EwgANCAEcDHOZsYs04wG.1","action":"SyncServerConnectionManagerRequest", "result":"SYNC_SERVER_OK", "context":{"environment":"Prod_brazilsouth_prod-s01-034-sam-brazilsouth", "migrationStage":"NotStarted", "server":"akswtt01400001b"}}
{"logTime": "1017/034353", "correlationVector":"Z/EwgANCAEcDHOZsYs04wG.2","action":"ProcessGetUpdates", "result":"Done", "context":{"dataType":"History", "deleted":"0", "process_failed_to_decrypt":"0", "process_pending_decryption":"0", "process_success":"250", "total":"250"}}
{"logTime": "1017/034353", "correlationVector":"Z/EwgANCAEcDHOZsYs04wG.3","action":"GetUpdates Response", "result":"Success", "context":Received 250 update(s). cV=Z/EwgANCAEcDHOZsYs04wG.0;server=akswtt01400001b;cloudType=Multitenant;environment=Prod_brazilsouth_prod-s01-034-sam-brazilsouth;migrationStage=NotStarted Some updates remain.}
{"logTime": "1017/034353", "correlationVector":"qAymVaLE1sTtT9HO8IU1x0","action":"Initial GetUpdates", "result":"", "context":Reason: NEW_CLIENT. cV=qAymVaLE1sTtT9HO8IU1x0}
{"logTime": "1017/034353", "correlationVector":"qAymVaLE1sTtT9HO8IU1x0.1","action":"SyncServerConnectionManagerRequest", "result":"SYNC_SERVER_OK", "context":{"environment":"Prod_brazilsouth_prod-s01-034-sam-brazilsouth", "migrationStage":"NotStarted", "server":"akswtt014000009"}}
{"logTime": "1017/034353", "correlationVector":"qAymVaLE1sTtT9HO8IU1x0.2","action":"ProcessGetUpdates", "result":"Done", "context":{"dataType":"History", "deleted":"0", "process_failed_to_decrypt":"0", "process_pending_decryption":"0", "process_success":"250", "total":"250"}}
{"logTime": "1017/034353", "correlationVector":"qAymVaLE1sTtT9HO8IU1x0.3","action":"GetUpdates Response", "result":"Success", "context":Received 250 update(s). cV=qAymVaLE1sTtT9HO8IU1x0.0;server=akswtt014000009;cloudType=Multitenant;environment=Prod_brazilsouth_prod-s01-034-sam-brazilsouth;migrationStage=NotStarted Some updates remain.}
{"logTime": "1017/034353", "correlationVector":"uc+Zp9DYz7gKiji/Tu4Kf9","action":"Initial GetUpdates", "result":"", "context":Reason: NEW_CLIENT. cV=uc+Zp9DYz7gKiji/Tu4Kf9}
{"logTime": "1017/034353", "correlationVector":"uc+Zp9DYz7gKiji/Tu4Kf9.1","action":"SyncServerConnectionManagerRequest", "result":"SYNC_SERVER_OK", "context":{"environment":"Prod_brazilsouth_prod-s01-034-sam-brazilsouth", "migrationStage":"NotStarted", "server":"akswtt01400000s"}}
{"logTime": "1017/034353", "correlationVector":"uc+Zp9DYz7gKiji/Tu4Kf9.2","action":"ProcessGetUpdates", "result":"Done", "context":{"dataType":"History", "deleted":"0", "process_failed_to_decrypt":"0", "process_pending_decryption":"0", "process_success":"250", "total":"250"}}
{"logTime": "1017/034353", "correlationVector":"uc+Zp9DYz7gKiji/Tu4Kf9.3","action":"GetUpdates Response", "result":"Success", "context":Received 250 update(s). cV=uc+Zp9DYz7gKiji/Tu4Kf9.0;server=akswtt01400000s;cloudType=Multitenant;environment=Prod_brazilsouth_prod-s01-034-sam-brazilsouth;migrationStage=NotStarted Some updates remain.}
{"logTime": "1017/034353", "correlationVector":"jA3VfKcd3/4MfANYp2+aTX","action":"Initial GetUpdates", "result":"", "context":Reason: NEW_CLIENT. cV=jA3VfKcd3/4MfANYp2+aTX}
{"logTime": "1017/034354", "correlationVector":"jA3VfKcd3/4MfANYp2+aTX.1","action":"SyncServerConnectionManagerRequest", "result":"SYNC_SERVER_OK", "context":{"environment":"Prod_brazilsouth_prod-s01-034-sam-brazilsouth", "migrationStage":"NotStarted", "server":"akswtt01400000w"}}
{"logTime": "1017/034354", "correlationVector":"jA3VfKcd3/4MfANYp2+aTX.2","action":"ProcessGetUpdates", "result":"Done", "context":{"dataType":"History", "deleted":"0", "process_failed_to_decrypt":"0", "process_pending_decryption":"0", "process_success":"250", "total":"250"}}
{"logTime": "1017/034354", "correlationVector":"jA3VfKcd3/4MfANYp2+aTX.3","action":"GetUpdates Response", "result":"Success", "context":Received 250 update(s). cV=jA3VfKcd3/4MfANYp2+aTX.0;server=akswtt01400000w;cloudType=Multitenant;environment=Prod_brazilsouth_prod-s01-034-sam-brazilsouth;migrationStage=NotStarted Some updates remain.}
{"logTime": "1017/034354", "correlationVector":"NiEMp4AytEXfySl9DbdRjW","action":"Initial GetUpdates", "result":"", "context":Reason: NEW_CLIENT. cV=NiEMp4AytEXfySl9DbdRjW}
{"logTime": "1017/034354", "correlationVector":"NiEMp4AytEXfySl9DbdRjW.1","action":"SyncServerConnectionManagerRequest", "result":"SYNC_SERVER_OK", "context":{"environment":"Prod_brazilsouth_prod-s01-034-sam-brazilsouth", "migrationStage":"NotStarted", "server":"akswtt01400000s"}}
{"logTime": "1017/034354", "correlationVector":"NiEMp4AytEXfySl9DbdRjW.2","action":"ProcessGetUpdates", "result":"Done", "context":{"dataType":"History", "deleted":"0", "process_failed_to_decrypt":"0", "process_pending_decryption":"0", "process_success":"183", "total":"183"}}
{"logTime": "1017/034354", "correlationVector":"NiEMp4AytEXfySl9DbdRjW.3","action":"GetUpdates Response", "result":"Success", "context":Received 183 update(s). cV=NiEMp4AytEXfySl9DbdRjW.0;server=akswtt01400000s;cloudType=Multitenant;environment=Prod_brazilsouth_prod-s01-034-sam-brazilsouth;migrationStage=NotStarted}
{"logTime": "1017/034354", "correlationVector":"8tG4p1I92S8S22bcVFLYxu","action":"Normal GetUpdate request", "result":"", "context":cV=8tG4p1I92S8S22bcVFLYxu
Nudged types: Preferences, Passwords, Sessions, Device Info, User Consents
Refresh requested types: Bookmarks, Preferences, Passwords, Autofill Profiles, Autofill, Extensions, Sessions, Extension settings, History Delete Directives, Device Info, User Consents, Send Tab To Self, Web Apps, History, Saved Tab Group, WebAuthn Credentials, Collection, Edge E Drop, Edge Hub App Usage, Edge Wallet, Encryption Keys}
{"logTime": "1017/034354", "correlationVector":"8tG4p1I92S8S22bcVFLYxu.1","action":"SyncServerConnectionManagerRequest", "result":"SYNC_SERVER_OK", "context":{"environment":"Prod_brazilsouth_prod-s01-034-sam-brazilsouth", "migrationStage":"NotStarted", "server":"akswtt014000005"}}
{"logTime": "1017/034354", "correlationVector":"8tG4p1I92S8S22bcVFLYxu.2","action":"GetUpdates Response", "result":"Success", "context":Received 0 update(s). cV=8tG4p1I92S8S22bcVFLYxu.0;server=akswtt014000005;cloudType=Multitenant;environment=Prod_brazilsouth_prod-s01-034-sam-brazilsouth;migrationStage=NotStarted}
{"logTime": "1017/034354", "correlationVector":"gMYhJCK0WqQsmxMuL1qGcC","action":"Commit Request", "result":"", "context":Item count: 40
Contributing types: Passwords}
{"logTime": "1017/034357", "correlationVector":"gMYhJCK0WqQsmxMuL1qGcC.1","action":"SyncServerConnectionManagerRequest", "result":"SYNC_SERVER_OK", "context":{"environment":"Prod_brazilsouth_prod-s01-034-sam-brazilsouth", "migrationStage":"NotStarted", "server":"akswtt014000001"}}
{"logTime": "1017/034357", "correlationVector":"gMYhJCK0WqQsmxMuL1qGcC.2","action":"Commit Response", "result":"Success", "context":Result: Success. cV=gMYhJCK0WqQsmxMuL1qGcC.0;server=akswtt014000001;cloudType=Multitenant;environment=Prod_brazilsouth_prod-s01-034-sam-brazilsouth;migrationStage=NotStarted}
{"logTime": "1017/034357", "correlationVector":"oWQCMM71VFfuXpef1gbOIu","action":"Commit Request", "result":"", "context":Item count: 40
Contributing types: Passwords}
{"logTime": "1017/034400", "correlationVector":"oWQCMM71VFfuXpef1gbOIu.1","action":"SyncServerConnectionManagerRequest", "result":"SYNC_SERVER_OK", "context":{"environment":"Prod_brazilsouth_prod-s01-034-sam-brazilsouth", "migrationStage":"NotStarted", "server":"akswtt01400000y"}}
{"logTime": "1017/034400", "correlationVector":"oWQCMM71VFfuXpef1gbOIu.2","action":"Commit Response", "result":"Success", "context":Result: Success. cV=oWQCMM71VFfuXpef1gbOIu.0;server=akswtt01400000y;cloudType=Multitenant;environment=Prod_brazilsouth_prod-s01-034-sam-brazilsouth;migrationStage=NotStarted}
{"logTime": "1017/034400", "correlationVector":"LBfR7o3BqylsN03zuFyqao","action":"Commit Request", "result":"", "context":Item count: 39
Contributing types: Preferences, Passwords, Sessions, Device Info, User Consents}
{"logTime": "1017/034402", "correlationVector":"LBfR7o3BqylsN03zuFyqao.1","action":"SyncServerConnectionManagerRequest", "result":"SYNC_SERVER_OK", "context":{"environment":"Prod_brazilsouth_prod-s01-034-sam-brazilsouth", "migrationStage":"NotStarted", "server":"akswtt014000001"}}
{"logTime": "1017/034402", "correlationVector":"LBfR7o3BqylsN03zuFyqao.2","action":"Commit Response", "result":"Success", "context":Result: Success. cV=LBfR7o3BqylsN03zuFyqao.0;server=akswtt014000001;cloudType=Multitenant;environment=Prod_brazilsouth_prod-s01-034-sam-brazilsouth;migrationStage=NotStarted}
{"logTime": "1017/034421", "correlationVector":"/2X7dUNFRYzKcOqR4H/8y8","action":"Commit Request", "result":"", "context":Item count: 40
Contributing types: Passwords}
{"logTime": "1017/034424", "correlationVector":"/2X7dUNFRYzKcOqR4H/8y8.1","action":"SyncServerConnectionManagerRequest", "result":"SYNC_SERVER_OK", "context":{"environment":"Prod_brazilsouth_prod-s01-034-sam-brazilsouth", "migrationStage":"NotStarted", "server":"akswtt014000002"}}
{"logTime": "1017/034424", "correlationVector":"/2X7dUNFRYzKcOqR4H/8y8.2","action":"Commit Response", "result":"Success", "context":Result: Success. cV=/2X7dUNFRYzKcOqR4H/8y8.0;server=akswtt014000002;cloudType=Multitenant;environment=Prod_brazilsouth_prod-s01-034-sam-brazilsouth;migrationStage=NotStarted}
{"logTime": "1017/034424", "correlationVector":"Iy+syKzkMVl8LzjqIE88ia","action":"Commit Request", "result":"", "context":Item count: 40
Contributing types: Passwords}
{"logTime": "1017/034427", "correlationVector":"Iy+syKzkMVl8LzjqIE88ia.1","action":"SyncServerConnectionManagerRequest", "result":"SYNC_SERVER_OK", "context":{"environment":"Prod_northcentralus_prod-s01-050-nam-northcentralus", "migrationStage":"NotStarted", "server":"akswtt10400000r"}}
{"logTime": "1017/034427", "correlationVector":"Iy+syKzkMVl8LzjqIE88ia.2","action":"Commit Response", "result":"Success", "context":Result: Success. cV=Iy+syKzkMVl8LzjqIE88ia.0;server=akswtt10400000r;cloudType=Multitenant;environment=Prod_northcentralus_prod-s01-050-nam-northcentralus;migrationStage=NotStarted}
{"logTime": "1017/034428", "correlationVector":"6GHGTIPr/2oHZdV2TpxsL8","action":"Commit Request", "result":"", "context":Item count: 35
Contributing types: Passwords, History}
{"logTime": "1017/034430", "correlationVector":"6GHGTIPr/2oHZdV2TpxsL8.1","action":"SyncServerConnectionManagerRequest", "result":"SYNC_SERVER_OK", "context":{"environment":"Prod_northcentralus_prod-s01-050-nam-northcentralus", "migrationStage":"NotStarted", "server":"akswtt10400000d"}}
{"logTime": "1017/034430", "correlationVector":"6GHGTIPr/2oHZdV2TpxsL8.2","action":"Commit Response", "result":"Success", "context":Result: Success. cV=6GHGTIPr/2oHZdV2TpxsL8.0;server=akswtt10400000d;cloudType=Multitenant;environment=Prod_northcentralus_prod-s01-050-nam-northcentralus;migrationStage=NotStarted}
{"logTime": "1017/034646", "correlationVector":"hoslSpmHs2mFLdmYLIFgoZ","action":"Normal GetUpdate request", "result":"", "context":cV=hoslSpmHs2mFLdmYLIFgoZ
Notified types: History}
{"logTime": "1017/034647", "correlationVector":"hoslSpmHs2mFLdmYLIFgoZ.1","action":"SyncServerConnectionManagerRequest", "result":"SYNC_SERVER_OK", "context":{"environment":"Prod_brazilsouth_prod-s01-034-sam-brazilsouth", "migrationStage":"NotStarted", "server":"akswtt014000000"}}
{"logTime": "1017/034647", "correlationVector":"hoslSpmHs2mFLdmYLIFgoZ.2","action":"ProcessGetUpdates", "result":"Done", "context":{"dataType":"Preferences", "deleted":"0", "process_failed_to_decrypt":"0", "process_pending_decryption":"0", "process_success":"1", "total":"1"}}
{"logTime": "1017/034647", "correlationVector":"hoslSpmHs2mFLdmYLIFgoZ.3","action":"ProcessGetUpdates", "result":"Done", "context":{"dataType":"Passwords", "deleted":"0", "process_failed_to_decrypt":"0", "process_pending_decryption":"0", "process_success":"114", "total":"114"}}
{"logTime": "1017/034647", "correlationVector":"hoslSpmHs2mFLdmYLIFgoZ.4","action":"ProcessGetUpdates", "result":"Done", "context":{"dataType":"Sessions", "deleted":"0", "process_failed_to_decrypt":"0", "process_pending_decryption":"0", "process_success":"2", "total":"2"}}
{"logTime": "1017/034647", "correlationVector":"hoslSpmHs2mFLdmYLIFgoZ.5","action":"ProcessGetUpdates", "result":"Done", "context":{"dataType":"Device Info", "deleted":"0", "process_failed_to_decrypt":"0", "process_pending_decryption":"0", "process_success":"1", "total":"1"}}
{"logTime": "1017/034647", "correlationVector":"hoslSpmHs2mFLdmYLIFgoZ.6","action":"ProcessGetUpdates", "result":"Done", "context":{"dataType":"History", "deleted":"0", "process_failed_to_decrypt":"0", "process_pending_decryption":"0", "process_success":"2", "total":"2"}}
{"logTime": "1017/034647", "correlationVector":"hoslSpmHs2mFLdmYLIFgoZ.7","action":"GetUpdates Response", "result":"Success", "context":Received 120 update(s). cV=hoslSpmHs2mFLdmYLIFgoZ.0;server=akswtt014000000;cloudType=Multitenant;environment=Prod_brazilsouth_prod-s01-034-sam-brazilsouth;migrationStage=NotStarted}
{"logTime": "1017/034647", "correlationVector":"eOtBA44ozovRLhlI+x6wc9","action":"DoCompareDataConsistency requsted types: ", "result":"Bookmarks, Preferences, Passwords, Extensions, Extension settings, History Delete Directives, Send Tab To Self, Web Apps, History, Saved Tab Group, WebAuthn Credentials, Collection, Edge E Drop, Edge Wallet, Encryption Keys"}
{"logTime": "1017/034647", "correlationVector":"eOtBA44ozovRLhlI+x6wc9.0","action":"CompareDataConsistency result: ", "result":"Compare result: Encryption Keys is consistent. local entities count is: 1 local entities hash is: BEu/VsnprW8IoZYDyHWcbH+BVOQ="}
{"logTime": "1017/034647", "correlationVector":"eOtBA44ozovRLhlI+x6wc9.1","action":"CompareDataConsistency result: ", "result":"Compare result: Bookmarks is consistent. local entities count is: 113 local entities hash is: gscIU/IJATyCUEIstFiBNPXsXUQ="}
{"logTime": "1017/034647", "correlationVector":"eOtBA44ozovRLhlI+x6wc9.2","action":"CompareDataConsistency result: ", "result":"Compare result: Preferences is consistent. local entities count is: 91 local entities hash is: YoAOaxA8LeKJf2ZHR7Qx54dxA0E="}
{"logTime": "1017/034647", "correlationVector":"eOtBA44ozovRLhlI+x6wc9.3","action":"CompareDataConsistency result: ", "result":"Compare result: Passwords is consistent. local entities count is: 114 local entities hash is: 6NJ2e03QYwld1sQU0k8ZYzcLdsI="}
{"logTime": "1017/034647", "correlationVector":"eOtBA44ozovRLhlI+x6wc9.4","action":"CompareDataConsistency result: ", "result":"Compare result: Extensions is consistent. local entities count is: 4 local entities hash is: 0sPIJEEYQY6Xh1eHv7zSP7GbYKY="}
{"logTime": "1017/034647", "correlationVector":"eOtBA44ozovRLhlI+x6wc9.5","action":"CompareDataConsistency result: ", "result":"Compare result: Extension settings is consistent. local entities count is: 23 local entities hash is: ftvo2pPyEEOVm/L39po4CeMdvJE="}
{"logTime": "1017/034647", "correlationVector":"eOtBA44ozovRLhlI+x6wc9.6","action":"CompareDataConsistency result: ", "result":"Compare result: History Delete Directives is consistent. local entities count is: 0 local entities hash is: "}
{"logTime": "1017/034647", "correlationVector":"eOtBA44ozovRLhlI+x6wc9.7","action":"CompareDataConsistency result: ", "result":"Server did not send this Send Tab To Self local entities count is: 0 local entities hash is: "}
{"logTime": "1017/034647", "correlationVector":"eOtBA44ozovRLhlI+x6wc9.8","action":"CompareDataConsistency result: ", "result":"Compare result: Web Apps is consistent. local entities count is: 0 local entities hash is: "}
{"logTime": "1017/034647", "correlationVector":"eOtBA44ozovRLhlI+x6wc9.9","action":"CompareDataConsistency result: ", "result":"Server did not send this History local entities count is: 0 local entities hash is: "}
{"logTime": "1017/034647", "correlationVector":"eOtBA44ozovRLhlI+x6wc9.10","action":"CompareDataConsistency result: ", "result":"Compare result: Saved Tab Group is consistent. local entities count is: 42 local entities hash is: SY5W9I2RHbuC/jcQMtPZ4MG5NrA="}
{"logTime": "1017/034647", "correlationVector":"eOtBA44ozovRLhlI+x6wc9.11","action":"CompareDataConsistency result: ", "result":"Server did not send this WebAuthn Credentials local entities count is: 0 local entities hash is: "}
{"logTime": "1017/034647", "correlationVector":"eOtBA44ozovRLhlI+x6wc9.12","action":"CompareDataConsistency result: ", "result":"Compare result: Collection is consistent. local entities count is: 0 local entities hash is: "}
{"logTime": "1017/034647", "correlationVector":"eOtBA44ozovRLhlI+x6wc9.13","action":"CompareDataConsistency result: ", "result":"Compare result: Edge E Drop is consistent. local entities count is: 0 local entities hash is: "}
{"logTime": "1017/034647", "correlationVector":"eOtBA44ozovRLhlI+x6wc9.14","action":"CompareDataConsistency result: ", "result":"Compare result: Edge Wallet is consistent. local entities count is: 0 local entities hash is: "}
{"logTime": "1017/034647", "correlationVector":"","action":"DIAGNOSTIC_REQUEST|v1/diagnosticData/Diagnostic.SendCheckResult()|SUCCESS", "result":""}
